<html>
<body>
<pre>
<h1>Vision Build Log</h1>
<h2>Tool Versions:</h2>
IDE-Version: μVision V5.20.0.0
Copyright (C) 2016 ARM Ltd and ARM Germany GmbH. All rights reserved.
License Information:  bvjmbfvjg Windows, HP Inc., LIC=LSN01-C1627-Y8BFK-ZE0FB-2QW6N-7B0AI
 
Tool Versions:
Toolchain:       MDK-ARM Plus  Version: 5.20
Toolchain Path:  C:\Keil_v5\ARM\ARMCC\Bin
C Compiler:      Armcc.exe V5.06 update 2 (build 183)
Assembler:       Armasm.exe V5.06 update 2 (build 183)
Linker/Locator:  ArmLink.exe V5.06 update 2 (build 183)
Library Manager: ArmAr.exe V5.06 update 2 (build 183)
Hex Converter:   FromElf.exe V5.06 update 2 (build 183)
CPU DLL:         SARMCM3.DLL V5.20
Dialog DLL:      DCM.DLL V1.13.7.0
Target DLL:      STLink\ST-LINKIII-KEIL_SWO.dll V2.0.18.0
Dialog DLL:      TCM.DLL V1.14.9.0
 
<h2>Project:</h2>
D:\MyGitHubCode\实验36 NRF24L01无线通信实验\USER\NRF24L01.uvprojx
Project File Date:  09/10/2016

<h2>Output:</h2>
*** Using Compiler 'V5.06 update 2 (build 183)', folder: 'C:\Keil_v5\ARM\ARMCC\Bin'
Rebuild target 'NRF24L01'
assembling startup_stm32f767xx.s...
compiling stm32f7xx_hal_dma.c...
compiling stm32f7xx_hal_dma_ex.c...
compiling system_stm32f7xx.c...
compiling stm32f7xx_hal.c...
compiling stm32f7xx_hal_cortex.c...
compiling main.c...
compiling stm32f7xx_it.c...
compiling stm32f7xx_hal_pwr.c...
compiling stm32f7xx_hal_gpio.c...
compiling stm32f7xx_hal_rcc.c...
compiling stm32f7xx_hal_pwr_ex.c...
compiling stm32f7xx_hal_usart.c...
compiling stm32f7xx_hal_uart.c...
compiling stm32f7xx_hal_rcc_ex.c...
compiling stm32f7xx_hal_sdram.c...
compiling stm32f7xx_hal_tim_ex.c...
compiling stm32f7xx_ll_fmc.c...
compiling stm32f7xx_hal_tim.c...
compiling stm32f7xx_hal_ltdc_ex.c...
compiling stm32f7xx_hal_sram.c...
compiling stm32f7xx_hal_ltdc.c...
compiling stm32f7xx_hal_spi.c...
compiling delay.c...
compiling usart.c...
compiling key.c...
compiling sys.c...
compiling sdram.c...
compiling led.c...
compiling lcd.c...
compiling usmart_config.c...
compiling usmart_str.c...
compiling em.c...
..\HARDWARE\ADS\em.h(113): warning:  #1-D: last line of file ends without a newline
  #endif
..\HARDWARE\ADS\em.c(117): warning:  #177-D: variable "RREG" was declared but never referenced
  	u8 RREG=0X20;//??
..\HARDWARE\ADS\em.c(120): warning:  #177-D: variable "ID_M" was declared but never referenced
  	u16 ID_M,ID_L;
..\HARDWARE\ADS\em.c(120): warning:  #177-D: variable "ID_L" was declared but never referenced
  	u16 ID_M,ID_L;
..\HARDWARE\ADS\em.c(204): warning:  #223-D: function "TEST_D5" declared implicitly
  	TEST_D5(0);
..\HARDWARE\ADS\em.c(206): error:  #268: declaration may not appear after executable statement in block
  	static u8 tx[24]={0};
..\HARDWARE\ADS\em.c(224): warning:  #223-D: function "TEST_D5" declared implicitly
  	TEST_D5(0);
..\HARDWARE\ADS\em.c(226): error:  #268: declaration may not appear after executable statement in block
  	uint32_t channel[4];
..\HARDWARE\ADS\em.c(228): error:  #254: type name is not allowed
  	for(u8 i = 0;	i<200;	i++)
..\HARDWARE\ADS\em.c(228): error:  #65: expected a ";"
  	for(u8 i = 0;	i<200;	i++)
..\HARDWARE\ADS\em.c(228): error:  #20: identifier "i" is undefined
  	for(u8 i = 0;	i<200;	i++)
..\HARDWARE\ADS\em.c(255): error:  #254: type name is not allowed
  	for(u8 i = 0; i<200; i++)
..\HARDWARE\ADS\em.c(255): error:  #65: expected a ";"
  	for(u8 i = 0; i<200; i++)
..\HARDWARE\ADS\em.c(255): error:  #20: identifier "i" is undefined
  	for(u8 i = 0; i<200; i++)
..\HARDWARE\ADS\em.c: 6 warnings, 8 errors
compiling 24l01.c...
compiling spi.c...
compiling usmart.c...
compiling ltdc.c...
"..\OBJ\NRF24L01.axf" - 8 Error(s), 6 Warning(s).

<h2>Collection of Component include folders:</h2>
  D:\MyGitHubCode\实验36 NRF24L01无线通信实验\USER\RTE
  F:\keil\Keil\STM32F7xx_DFP\2.11.0\Drivers\CMSIS\Device\ST\STM32F7xx\Include

<h2>Collection of Component Files used:</h2>
Target not created.
Build Time Elapsed:  00:00:29
</pre>
</body>
</html>
